#
# There is insufficient memory for the Java Runtime Environment to continue.
# Native memory allocation (mmap) failed to map 253755392 bytes for Failed to commit area from 0x0000000620c00000 to 0x000000062fe00000 of length 253755392.
# Possible reasons:
#   The system is out of physical RAM or swap space
#   The process is running with CompressedOops enabled, and the Java Heap may be blocking the growth of the native heap
# Possible solutions:
#   Reduce memory load on the system
#   Increase physical memory or swap space
#   Check if swap backing store is full
#   Decrease Java heap size (-Xmx/-Xms)
#   Decrease number of Java threads
#   Decrease Java thread stack sizes (-Xss)
#   Set larger code cache with -XX:ReservedCodeCacheSize=
#   JVM is running with Zero Based Compressed Oops mode in which the Java heap is
#     placed in the first 32GB address space. The Java Heap base address is the
#     maximum limit for the native heap growth. Please use -XX:HeapBaseMinAddress
#     to set the Java Heap base and to place the Java Heap above 32GB virtual address.
# This output file may be truncated or incomplete.
#
#  Out of Memory Error (./src/hotspot/os/windows/os_windows.cpp:3301), pid=15040, tid=23452
#
# JRE version: OpenJDK Runtime Environment (11.0.11+9) (build 11.0.11+9-b60-7590822)
# Java VM: OpenJDK 64-Bit Server VM (11.0.11+9-b60-7590822, mixed mode, tiered, compressed oops, g1 gc, windows-amd64)
# No core dump will be written. Minidumps are not enabled by default on client versions of Windows
#

---------------  S U M M A R Y ------------

Command Line: org.jetbrains.kotlin.cli.jvm.K2JVMCompiler @G:\Android\AndroidStudioProjects\Kotlin\NASAPictureOfTheDay\app\build\20220216_2014173720769665870.compiler.options

Host: AMD FX(tm)-8300 Eight-Core Processor           , 8 cores, 31G,  Windows 8.1 , 64 bit Build 9600 (6.3.9600.20237)
Time: Wed Feb 16 17:56:50 2022 RTZ 4 (ceia) elapsed time: 12.318962 seconds (0d 0h 0m 12s)

---------------  T H R E A D  ---------------

Current thread (0x00000074f2a84800):  VMThread "VM Thread" [stack: 0x00000074f2d40000,0x00000074f2e40000] [id=23452]

Stack: [0x00000074f2d40000,0x00000074f2e40000]
[error occurred during error reporting (printing stack bounds), id 0xc0000005, EXCEPTION_ACCESS_VIOLATION (0xc0000005) at pc=0x00000074ccdc0f2d]

Native frames: (J=compiled Java code, j=interpreted, Vv=VM code, C=native code)
V  [jvm.dll+0x5f214a]
V  [jvm.dll+0x726fb5]
V  [jvm.dll+0x7285cd]
V  [jvm.dll+0x728be5]
V  [jvm.dll+0x728b9b]
V  [jvm.dll+0x5f14e8]
V  [jvm.dll+0x5f1c78]
C  [ntdll.dll+0x92f2d]
C  [ntdll.dll+0x54547]
C  [ntdll.dll+0x920ba]
C  0x00000074ccdc0f2d

VM_Operation (0x00000074c8a9cc40): G1CollectForAllocation, mode: safepoint, requested by thread 0x00000074c92fa800


---------------  P R O C E S S  ---------------

Threads class SMR info:
_java_thread_list=0x00000074fa0cf220, length=12, elements={
0x00000074c92fa800, 0x00000074f2a87800, 0x00000074f2aa9000, 0x00000074f2b02800,
0x00000074f2b03800, 0x00000074f2b05000, 0x00000074f2b12000, 0x00000074f2b1b000,
0x00000074f2b2f000, 0x00000074f2b1c000, 0x00000074f2b1e800, 0x00000074f2b20000
}

Java Threads: ( => current thread )
  0x00000074c92fa800 JavaThread "main" [_thread_blocked, id=25540, stack(0x00000074c89a0000,0x00000074c8aa0000)]
  0x00000074f2a87800 JavaThread "Reference Handler" daemon [_thread_blocked, id=20820, stack(0x00000074f2e40000,0x00000074f2f40000)]
  0x00000074f2aa9000 JavaThread "Finalizer" daemon [_thread_blocked, id=24424, stack(0x00000074f2f40000,0x00000074f3040000)]
  0x00000074f2b02800 JavaThread "Signal Dispatcher" daemon [_thread_blocked, id=17524, stack(0x00000074f3040000,0x00000074f3140000)]
  0x00000074f2b03800 JavaThread "Attach Listener" daemon [_thread_blocked, id=24588, stack(0x00000074f3140000,0x00000074f3240000)]
  0x00000074f2b05000 JavaThread "Service Thread" daemon [_thread_blocked, id=25684, stack(0x00000074f3240000,0x00000074f3340000)]
  0x00000074f2b12000 JavaThread "C2 CompilerThread0" daemon [_thread_blocked, id=11576, stack(0x00000074f3340000,0x00000074f3440000)]
  0x00000074f2b1b000 JavaThread "C1 CompilerThread0" daemon [_thread_blocked, id=22276, stack(0x00000074f3440000,0x00000074f3540000)]
  0x00000074f2b2f000 JavaThread "Sweeper thread" daemon [_thread_blocked, id=16928, stack(0x00000074f3540000,0x00000074f3640000)]
  0x00000074f2b1c000 JavaThread "Common-Cleaner" daemon [_thread_blocked, id=26592, stack(0x00000074f3740000,0x00000074f3840000)]
  0x00000074f2b1e800 JavaThread "C2 CompilerThread1" daemon [_thread_blocked, id=20992, stack(0x00000074f68f0000,0x00000074f69f0000)]
  0x00000074f2b20000 JavaThread "C2 CompilerThread2" daemon [_thread_blocked, id=19428, stack(0x00000074f69f0000,0x00000074f6af0000)]

Other Threads:
=>0x00000074f2a84800 VMThread "VM Thread" [stack: 0x00000074f2d40000,0x00000074f2e40000] [id=23452]
  0x00000074f2c80000 WatcherThread [stack: 0x00000074f3640000,0x00000074f3740000] [id=23088]
  0x00000074c930d800 GCTaskThread "GC Thread#0" [stack: 0x00000074c8c80000,0x00000074c8d80000] [id=11184]
  0x00000074f3fab000 GCTaskThread "GC Thread#1" [stack: 0x00000074f4640000,0x00000074f4740000] [id=26044]
  0x00000074f3fac000 GCTaskThread "GC Thread#2" [stack: 0x00000074f4740000,0x00000074f4840000] [id=25240]
  0x00000074f3fe6800 GCTaskThread "GC Thread#3" [stack: 0x00000074f4840000,0x00000074f4940000] [id=25416]
  0x00000074f3fe7800 GCTaskThread "GC Thread#4" [stack: 0x00000074f4940000,0x00000074f4a40000] [id=19572]
  0x00000074f3fe8000 GCTaskThread "GC Thread#5" [stack: 0x00000074f4a40000,0x00000074f4b40000] [id=19976]
  0x00000074f3fe8800 GCTaskThread "GC Thread#6" [stack: 0x00000074f4b40000,0x00000074f4c40000] [id=18852]
  0x00000074f3fe9800 GCTaskThread "GC Thread#7" [stack: 0x00000074f4c40000,0x00000074f4d40000] [id=26616]
  0x00000074c938d000 ConcurrentGCThread "G1 Main Marker" [stack: 0x00000074ef2b0000,0x00000074ef3b0000] [id=16104]
  0x00000074c938e000 ConcurrentGCThread "G1 Conc#0" [stack: 0x00000074ef3b0000,0x00000074ef4b0000] [id=21588]
  0x00000074f40c6800 ConcurrentGCThread "G1 Conc#1" [stack: 0x00000074f6510000,0x00000074f6610000] [id=23224]
  0x00000074f1879000 ConcurrentGCThread "G1 Refine#0" [stack: 0x00000074f1f40000,0x00000074f2040000] [id=21544]
  0x00000074f187a800 ConcurrentGCThread "G1 Young RemSet Sampling" [stack: 0x00000074f2040000,0x00000074f2140000] [id=21132]

Threads with active compile tasks:
C2 CompilerThread0  12327 9677       4       org.jetbrains.kotlin.ir.types.impl.IrSimpleTypeImplKt::buildTypeProjection (48 bytes)
C2 CompilerThread1  12328 9686   !   4       org.jetbrains.kotlin.ir.util.SymbolTable::referenceClass (253 bytes)
C2 CompilerThread2  12328 9670       4       org.jetbrains.kotlin.ir.util.TypeTranslator::translateType (580 bytes)

VM state:at safepoint (normal execution)

VM Mutex/Monitor currently owned by a thread:  ([mutex/lock_event])
[0x00000074c92f83f0] Threads_lock - owner thread: 0x00000074f2a84800
[0x00000074c92f8ab0] Heap_lock - owner thread: 0x00000074c92fa800

Heap address: 0x0000000600c00000, size: 8180 MB, Compressed Oops mode: Zero based, Oop shift amount: 3
Narrow klass base: 0x0000000800000000, Narrow klass shift: 0
Compressed class space size: 1073741824 Address: 0x0000000800000000

Heap:
 garbage-first heap   total 772096K, used 65913K [0x0000000600c00000, 0x0000000800000000)
  region size 2048K, 8 young (16384K), 8 survivors (16384K)
 Metaspace       used 76647K, capacity 77486K, committed 77700K, reserved 1118208K
  class space    used 8690K, capacity 9043K, committed 9172K, reserved 1048576K
Heap Regions: E=young(eden), S=young(survivor), O=old, HS=humongous(starts), HC=humongous(continues), CS=collection set, F=free, A=archive, TAMS=top-at-mark-start (previous, next)
|   0|0x0000000600c00000, 0x0000000600e00000, 0x0000000600e00000|100%|HS|  |TAMS 0x0000000600e00000, 0x0000000600c00000| Complete 
|   1|0x0000000600e00000, 0x0000000601000000, 0x0000000601000000|100%|HC|  |TAMS 0x0000000601000000, 0x0000000600e00000| Complete 
|   2|0x0000000601000000, 0x0000000601200000, 0x0000000601200000|100%|HS|  |TAMS 0x0000000601200000, 0x0000000601000000| Complete 
|   3|0x0000000601200000, 0x0000000601400000, 0x0000000601400000|100%|HC|  |TAMS 0x0000000601400000, 0x0000000601200000| Complete 
|   4|0x0000000601400000, 0x0000000601600000, 0x0000000601600000|100%| O|  |TAMS 0x0000000601400000, 0x0000000601400000| Untracked 
|   5|0x0000000601600000, 0x0000000601800000, 0x0000000601800000|100%| O|  |TAMS 0x0000000601800000, 0x0000000601600000| Untracked 
|   6|0x0000000601800000, 0x0000000601a00000, 0x0000000601a00000|100%| O|  |TAMS 0x00000006018e1c00, 0x0000000601800000| Untracked 
|   7|0x0000000601a00000, 0x0000000601c00000, 0x0000000601c00000|100%|HS|  |TAMS 0x0000000601c00000, 0x0000000601a00000| Complete 
|   8|0x0000000601c00000, 0x0000000601e00000, 0x0000000601e00000|100%| O|  |TAMS 0x0000000601c00000, 0x0000000601c00000| Untracked 
|   9|0x0000000601e00000, 0x0000000602000000, 0x0000000602000000|100%| O|  |TAMS 0x0000000601e00000, 0x0000000601e00000| Untracked 
|  10|0x0000000602000000, 0x0000000602200000, 0x0000000602200000|100%| O|  |TAMS 0x0000000602000000, 0x0000000602000000| Untracked 
|  11|0x0000000602200000, 0x0000000602400000, 0x0000000602400000|100%| O|  |TAMS 0x0000000602200000, 0x0000000602200000| Untracked 
|  12|0x0000000602400000, 0x0000000602600000, 0x0000000602600000|100%| O|  |TAMS 0x0000000602400000, 0x0000000602400000| Untracked 
|  13|0x0000000602600000, 0x0000000602800000, 0x0000000602800000|100%| O|  |TAMS 0x0000000602600000, 0x0000000602600000| Untracked 
|  14|0x0000000602800000, 0x0000000602a00000, 0x0000000602a00000|100%| O|  |TAMS 0x0000000602800000, 0x0000000602800000| Untracked 
|  15|0x0000000602a00000, 0x0000000602c00000, 0x0000000602c00000|100%| O|  |TAMS 0x0000000602a00000, 0x0000000602a00000| Untracked 
|  16|0x0000000602c00000, 0x0000000602e00000, 0x0000000602e00000|100%| O|  |TAMS 0x0000000602c00000, 0x0000000602c00000| Untracked 
|  17|0x0000000602e00000, 0x0000000603000000, 0x0000000603000000|100%| O|  |TAMS 0x0000000602e00000, 0x0000000602e00000| Untracked 
|  18|0x0000000603000000, 0x0000000603200000, 0x0000000603200000|100%| O|  |TAMS 0x0000000603000000, 0x0000000603000000| Untracked 
|  19|0x0000000603200000, 0x0000000603400000, 0x0000000603400000|100%| O|  |TAMS 0x0000000603200000, 0x0000000603200000| Untracked 
|  20|0x0000000603400000, 0x0000000603600000, 0x0000000603600000|100%| O|  |TAMS 0x0000000603400000, 0x0000000603400000| Untracked 
|  21|0x0000000603600000, 0x0000000603800000, 0x0000000603800000|100%| O|  |TAMS 0x0000000603600000, 0x0000000603600000| Untracked 
|  22|0x0000000603800000, 0x0000000603a00000, 0x0000000603a00000|100%| O|  |TAMS 0x0000000603800000, 0x0000000603800000| Untracked 
|  23|0x0000000603a00000, 0x0000000603c00000, 0x0000000603c00000|100%| O|  |TAMS 0x0000000603a00000, 0x0000000603a00000| Untracked 
|  24|0x0000000603c00000, 0x0000000603c5e400, 0x0000000603e00000| 18%| O|  |TAMS 0x0000000603c00000, 0x0000000603c00000| Untracked 
|  25|0x0000000603e00000, 0x0000000603e00000, 0x0000000604000000|  0%| F|  |TAMS 0x0000000603e00000, 0x0000000603e00000| Untracked 
|  26|0x0000000604000000, 0x0000000604000000, 0x0000000604200000|  0%| F|  |TAMS 0x0000000604000000, 0x0000000604000000| Untracked 
|  27|0x0000000604200000, 0x0000000604200000, 0x0000000604400000|  0%| F|  |TAMS 0x0000000604200000, 0x0000000604200000| Untracked 
|  28|0x0000000604400000, 0x0000000604400000, 0x0000000604600000|  0%| F|  |TAMS 0x0000000604400000, 0x0000000604400000| Untracked 
|  29|0x0000000604600000, 0x0000000604600000, 0x0000000604800000|  0%| F|  |TAMS 0x0000000604600000, 0x0000000604600000| Untracked 
|  30|0x0000000604800000, 0x0000000604800000, 0x0000000604a00000|  0%| F|  |TAMS 0x0000000604800000, 0x0000000604800000| Untracked 
|  31|0x0000000604a00000, 0x0000000604a00000, 0x0000000604c00000|  0%| F|  |TAMS 0x0000000604a00000, 0x0000000604a00000| Untracked 
|  32|0x0000000604c00000, 0x0000000604c00000, 0x0000000604e00000|  0%| F|  |TAMS 0x0000000604c00000, 0x0000000604c00000| Untracked 
|  33|0x0000000604e00000, 0x0000000604e00000, 0x0000000605000000|  0%| F|  |TAMS 0x0000000604e00000, 0x0000000604e00000| Untracked 
|  34|0x0000000605000000, 0x0000000605000000, 0x0000000605200000|  0%| F|  |TAMS 0x0000000605000000, 0x0000000605000000| Untracked 
|  35|0x0000000605200000, 0x0000000605200000, 0x0000000605400000|  0%| F|  |TAMS 0x0000000605200000, 0x0000000605200000| Untracked 
|  36|0x0000000605400000, 0x0000000605400000, 0x0000000605600000|  0%| F|  |TAMS 0x0000000605400000, 0x0000000605400000| Untracked 
|  37|0x0000000605600000, 0x0000000605600000, 0x0000000605800000|  0%| F|  |TAMS 0x0000000605600000, 0x0000000605600000| Untracked 
|  38|0x0000000605800000, 0x0000000605800000, 0x0000000605a00000|  0%| F|  |TAMS 0x0000000605800000, 0x0000000605800000| Untracked 
|  39|0x0000000605a00000, 0x0000000605a00000, 0x0000000605c00000|  0%| F|  |TAMS 0x0000000605a00000, 0x0000000605a00000| Untracked 
|  40|0x0000000605c00000, 0x0000000605c00000, 0x0000000605e00000|  0%| F|  |TAMS 0x0000000605c00000, 0x0000000605c00000| Untracked 
|  41|0x0000000605e00000, 0x0000000605e00000, 0x0000000606000000|  0%| F|  |TAMS 0x0000000605e00000, 0x0000000605e00000| Untracked 
|  42|0x0000000606000000, 0x0000000606000000, 0x0000000606200000|  0%| F|  |TAMS 0x0000000606000000, 0x0000000606000000| Untracked 
|  43|0x0000000606200000, 0x0000000606200000, 0x0000000606400000|  0%| F|  |TAMS 0x0000000606200000, 0x0000000606200000| Untracked 
|  44|0x0000000606400000, 0x0000000606400000, 0x0000000606600000|  0%| F|  |TAMS 0x0000000606400000, 0x0000000606400000| Untracked 
|  45|0x0000000606600000, 0x0000000606600000, 0x0000000606800000|  0%| F|  |TAMS 0x0000000606600000, 0x0000000606600000| Untracked 
|  46|0x0000000606800000, 0x0000000606800000, 0x0000000606a00000|  0%| F|  |TAMS 0x0000000606800000, 0x0000000606800000| Untracked 
|  47|0x0000000606a00000, 0x0000000606a00000, 0x0000000606c00000|  0%| F|  |TAMS 0x0000000606a00000, 0x0000000606a00000| Untracked 
|  48|0x0000000606c00000, 0x0000000606c00000, 0x0000000606e00000|  0%| F|  |TAMS 0x0000000606c00000, 0x0000000606c00000| Untracked 
|  49|0x0000000606e00000, 0x0000000606e00000, 0x0000000607000000|  0%| F|  |TAMS 0x0000000606e00000, 0x0000000606e00000| Untracked 
|  50|0x0000000607000000, 0x0000000607000000, 0x0000000607200000|  0%| F|  |TAMS 0x0000000607000000, 0x0000000607000000| Untracked 
|  51|0x0000000607200000, 0x0000000607200000, 0x0000000607400000|  0%| F|  |TAMS 0x0000000607200000, 0x0000000607200000| Untracked 
|  52|0x0000000607400000, 0x0000000607400000, 0x0000000607600000|  0%| F|  |TAMS 0x0000000607400000, 0x0000000607400000| Untracked 
|  53|0x0000000607600000, 0x0000000607600000, 0x0000000607800000|  0%| F|  |TAMS 0x0000000607600000, 0x0000000607600000| Untracked 
|  54|0x0000000607800000, 0x0000000607800000, 0x0000000607a00000|  0%| F|  |TAMS 0x0000000607800000, 0x0000000607800000| Untracked 
|  55|0x0000000607a00000, 0x0000000607a00000, 0x0000000607c00000|  0%| F|  |TAMS 0x0000000607a00000, 0x0000000607a00000| Untracked 
|  56|0x0000000607c00000, 0x0000000607c00000, 0x0000000607e00000|  0%| F|  |TAMS 0x0000000607c00000, 0x0000000607c00000| Untracked 
|  57|0x0000000607e00000, 0x0000000607e00000, 0x0000000608000000|  0%| F|  |TAMS 0x0000000607e00000, 0x0000000607e00000| Untracked 
|  58|0x0000000608000000, 0x0000000608000000, 0x0000000608200000|  0%| F|  |TAMS 0x0000000608000000, 0x0000000608000000| Untracked 
|  59|0x0000000608200000, 0x0000000608200000, 0x0000000608400000|  0%| F|  |TAMS 0x0000000608200000, 0x0000000608200000| Untracked 
|  60|0x0000000608400000, 0x0000000608400000, 0x0000000608600000|  0%| F|  |TAMS 0x0000000608400000, 0x0000000608400000| Untracked 
|  61|0x0000000608600000, 0x0000000608600000, 0x0000000608800000|  0%| F|  |TAMS 0x0000000608600000, 0x0000000608600000| Untracked 
|  62|0x0000000608800000, 0x0000000608800000, 0x0000000608a00000|  0%| F|  |TAMS 0x0000000608800000, 0x0000000608800000| Untracked 
|  63|0x0000000608a00000, 0x0000000608a00000, 0x0000000608c00000|  0%| F|  |TAMS 0x0000000608a00000, 0x0000000608a00000| Untracked 
|  64|0x0000000608c00000, 0x0000000608c00000, 0x0000000608e00000|  0%| F|  |TAMS 0x0000000608c00000, 0x0000000608c00000| Untracked 
|  65|0x0000000608e00000, 0x0000000608e00000, 0x0000000609000000|  0%| F|  |TAMS 0x0000000608e00000, 0x0000000608e00000| Untracked 
|  66|0x0000000609000000, 0x0000000609000000, 0x0000000609200000|  0%| F|  |TAMS 0x0000000609000000, 0x0000000609000000| Untracked 
|  67|0x0000000609200000, 0x0000000609200000, 0x0000000609400000|  0%| F|  |TAMS 0x0000000609200000, 0x0000000609200000| Untracked 
|  68|0x0000000609400000, 0x0000000609400000, 0x0000000609600000|  0%| F|  |TAMS 0x0000000609400000, 0x0000000609400000| Untracked 
|  69|0x0000000609600000, 0x0000000609600000, 0x0000000609800000|  0%| F|  |TAMS 0x0000000609600000, 0x0000000609600000| Untracked 
|  70|0x0000000609800000, 0x0000000609800000, 0x0000000609a00000|  0%| F|  |TAMS 0x0000000609800000, 0x0000000609800000| Untracked 
|  71|0x0000000609a00000, 0x0000000609a00000, 0x0000000609c00000|  0%| F|  |TAMS 0x0000000609a00000, 0x0000000609a00000| Untracked 
|  72|0x0000000609c00000, 0x0000000609c00000, 0x0000000609e00000|  0%| F|  |TAMS 0x0000000609c00000, 0x0000000609c00000| Untracked 
|  73|0x0000000609e00000, 0x0000000609e00000, 0x000000060a000000|  0%| F|  |TAMS 0x0000000609e00000, 0x0000000609e00000| Untracked 
|  74|0x000000060a000000, 0x000000060a000000, 0x000000060a200000|  0%| F|  |TAMS 0x000000060a000000, 0x000000060a000000| Untracked 
|  75|0x000000060a200000, 0x000000060a200000, 0x000000060a400000|  0%| F|  |TAMS 0x000000060a200000, 0x000000060a200000| Untracked 
|  76|0x000000060a400000, 0x000000060a400000, 0x000000060a600000|  0%| F|  |TAMS 0x000000060a400000, 0x000000060a400000| Untracked 
|  77|0x000000060a600000, 0x000000060a600000, 0x000000060a800000|  0%| F|  |TAMS 0x000000060a600000, 0x000000060a600000| Untracked 
|  78|0x000000060a800000, 0x000000060a800000, 0x000000060aa00000|  0%| F|  |TAMS 0x000000060a800000, 0x000000060a800000| Untracked 
|  79|0x000000060aa00000, 0x000000060aa00000, 0x000000060ac00000|  0%| F|  |TAMS 0x000000060aa00000, 0x000000060aa00000| Untracked 
|  80|0x000000060ac00000, 0x000000060ac00000, 0x000000060ae00000|  0%| F|  |TAMS 0x000000060ac00000, 0x000000060ac00000| Untracked 
|  81|0x000000060ae00000, 0x000000060ae00000, 0x000000060b000000|  0%| F|  |TAMS 0x000000060ae00000, 0x000000060ae00000| Untracked 
|  82|0x000000060b000000, 0x000000060b000000, 0x000000060b200000|  0%| F|  |TAMS 0x000000060b000000, 0x000000060b000000| Untracked 
|  83|0x000000060b200000, 0x000000060b200000, 0x000000060b400000|  0%| F|  |TAMS 0x000000060b200000, 0x000000060b200000| Untracked 
|  84|0x000000060b400000, 0x000000060b400000, 0x000000060b600000|  0%| F|  |TAMS 0x000000060b400000, 0x000000060b400000| Untracked 
|  85|0x000000060b600000, 0x000000060b600000, 0x000000060b800000|  0%| F|  |TAMS 0x000000060b600000, 0x000000060b600000| Untracked 
|  86|0x000000060b800000, 0x000000060b800000, 0x000000060ba00000|  0%| F|  |TAMS 0x000000060b800000, 0x000000060b800000| Untracked 
|  87|0x000000060ba00000, 0x000000060ba00000, 0x000000060bc00000|  0%| F|  |TAMS 0x000000060ba00000, 0x000000060ba00000| Untracked 
|  88|0x000000060bc00000, 0x000000060bc00000, 0x000000060be00000|  0%| F|  |TAMS 0x000000060bc00000, 0x000000060bc00000| Untracked 
|  89|0x000000060be00000, 0x000000060be00000, 0x000000060c000000|  0%| F|  |TAMS 0x000000060be00000, 0x000000060be00000| Untracked 
|  90|0x000000060c000000, 0x000000060c000000, 0x000000060c200000|  0%| F|  |TAMS 0x000000060c000000, 0x000000060c000000| Untracked 
|  91|0x000000060c200000, 0x000000060c200000, 0x000000060c400000|  0%| F|  |TAMS 0x000000060c200000, 0x000000060c200000| Untracked 
|  92|0x000000060c400000, 0x000000060c400000, 0x000000060c600000|  0%| F|  |TAMS 0x000000060c400000, 0x000000060c400000| Untracked 
|  93|0x000000060c600000, 0x000000060c600000, 0x000000060c800000|  0%| F|  |TAMS 0x000000060c600000, 0x000000060c600000| Untracked 
|  94|0x000000060c800000, 0x000000060c800000, 0x000000060ca00000|  0%| F|  |TAMS 0x000000060c800000, 0x000000060c800000| Untracked 
|  95|0x000000060ca00000, 0x000000060ca00000, 0x000000060cc00000|  0%| F|  |TAMS 0x000000060ca00000, 0x000000060ca00000| Untracked 
|  96|0x000000060cc00000, 0x000000060cc00000, 0x000000060ce00000|  0%| F|  |TAMS 0x000000060cc00000, 0x000000060cc00000| Untracked 
|  97|0x000000060ce00000, 0x000000060ce00000, 0x000000060d000000|  0%| F|  |TAMS 0x000000060ce00000, 0x000000060ce00000| Untracked 
|  98|0x000000060d000000, 0x000000060d000000, 0x000000060d200000|  0%| F|  |TAMS 0x000000060d000000, 0x000000060d000000| Untracked 
|  99|0x000000060d200000, 0x000000060d200000, 0x000000060d400000|  0%| F|  |TAMS 0x000000060d200000, 0x000000060d200000| Untracked 
| 100|0x000000060d400000, 0x000000060d400000, 0x000000060d600000|  0%| F|  |TAMS 0x000000060d400000, 0x000000060d400000| Untracked 
| 101|0x000000060d600000, 0x000000060d600000, 0x000000060d800000|  0%| F|  |TAMS 0x000000060d600000, 0x000000060d600000| Untracked 
| 102|0x000000060d800000, 0x000000060d800000, 0x000000060da00000|  0%| F|  |TAMS 0x000000060d800000, 0x000000060d800000| Untracked 
| 103|0x000000060da00000, 0x000000060da00000, 0x000000060dc00000|  0%| F|  |TAMS 0x000000060da00000, 0x000000060da00000| Untracked 
| 104|0x000000060dc00000, 0x000000060dc00000, 0x000000060de00000|  0%| F|  |TAMS 0x000000060dc00000, 0x000000060dc00000| Untracked 
| 105|0x000000060de00000, 0x000000060de00000, 0x000000060e000000|  0%| F|  |TAMS 0x000000060de00000, 0x000000060de00000| Untracked 
| 106|0x000000060e000000, 0x000000060e000000, 0x000000060e200000|  0%| F|  |TAMS 0x000000060e000000, 0x000000060e000000| Untracked 
| 107|0x000000060e200000, 0x000000060e200000, 0x000000060e400000|  0%| F|  |TAMS 0x000000060e200000, 0x000000060e200000| Untracked 
| 108|0x000000060e400000, 0x000000060e400000, 0x000000060e600000|  0%| F|  |TAMS 0x000000060e400000, 0x000000060e400000| Untracked 
| 109|0x000000060e600000, 0x000000060e600000, 0x000000060e800000|  0%| F|  |TAMS 0x000000060e600000, 0x000000060e600000| Untracked 
| 110|0x000000060e800000, 0x000000060e800000, 0x000000060ea00000|  0%| F|  |TAMS 0x000000060e800000, 0x000000060e800000| Untracked 
| 111|0x000000060ea00000, 0x000000060ea00000, 0x000000060ec00000|  0%| F|  |TAMS 0x000000060ea00000, 0x000000060ea00000| Untracked 
| 112|0x000000060ec00000, 0x000000060ec00000, 0x000000060ee00000|  0%| F|  |TAMS 0x000000060ec00000, 0x000000060ec00000| Untracked 
| 113|0x000000060ee00000, 0x000000060ee00000, 0x000000060f000000|  0%| F|  |TAMS 0x000000060ee00000, 0x000000060ee00000| Untracked 
| 114|0x000000060f000000, 0x000000060f000000, 0x000000060f200000|  0%| F|  |TAMS 0x000000060f000000, 0x000000060f000000| Untracked 
| 115|0x000000060f200000, 0x000000060f200000, 0x000000060f400000|  0%| F|  |TAMS 0x000000060f200000, 0x000000060f200000| Untracked 
| 116|0x000000060f400000, 0x000000060f400000, 0x000000060f600000|  0%| F|  |TAMS 0x000000060f400000, 0x000000060f400000| Untracked 
| 117|0x000000060f600000, 0x000000060f600000, 0x000000060f800000|  0%| F|  |TAMS 0x000000060f600000, 0x000000060f600000| Untracked 
| 118|0x000000060f800000, 0x000000060f800000, 0x000000060fa00000|  0%| F|  |TAMS 0x000000060f800000, 0x000000060f800000| Untracked 
| 119|0x000000060fa00000, 0x000000060fa00000, 0x000000060fc00000|  0%| F|  |TAMS 0x000000060fa00000, 0x000000060fa00000| Untracked 
| 120|0x000000060fc00000, 0x000000060fc00000, 0x000000060fe00000|  0%| F|  |TAMS 0x000000060fc00000, 0x000000060fc00000| Untracked 
| 121|0x000000060fe00000, 0x000000060fe00000, 0x0000000610000000|  0%| F|  |TAMS 0x000000060fe00000, 0x000000060fe00000| Untracked 
| 122|0x0000000610000000, 0x0000000610000000, 0x0000000610200000|  0%| F|  |TAMS 0x0000000610000000, 0x0000000610000000| Untracked 
| 123|0x0000000610200000, 0x0000000610200000, 0x0000000610400000|  0%| F|  |TAMS 0x0000000610200000, 0x0000000610200000| Untracked 
| 124|0x0000000610400000, 0x0000000610400000, 0x0000000610600000|  0%| F|  |TAMS 0x0000000610400000, 0x0000000610400000| Untracked 
| 125|0x0000000610600000, 0x0000000610600000, 0x0000000610800000|  0%| F|  |TAMS 0x0000000610600000, 0x0000000610600000| Untracked 
| 126|0x0000000610800000, 0x0000000610800000, 0x0000000610a00000|  0%| F|  |TAMS 0x0000000610800000, 0x0000000610800000| Untracked 
| 127|0x0000000610a00000, 0x0000000610a00000, 0x0000000610c00000|  0%| F|  |TAMS 0x0000000610a00000, 0x0000000610a00000| Untracked 
| 128|0x0000000610c00000, 0x0000000610c00000, 0x0000000610e00000|  0%| F|  |TAMS 0x0000000610c00000, 0x0000000610c00000| Untracked 
| 129|0x0000000610e00000, 0x0000000610e00000, 0x0000000611000000|  0%| F|  |TAMS 0x0000000610e00000, 0x0000000610e00000| Untracked 
| 130|0x0000000611000000, 0x0000000611000000, 0x0000000611200000|  0%| F|  |TAMS 0x0000000611000000, 0x0000000611000000| Untracked 
| 131|0x0000000611200000, 0x0000000611200000, 0x0000000611400000|  0%| F|  |TAMS 0x0000000611200000, 0x0000000611200000| Untracked 
| 132|0x0000000611400000, 0x0000000611400000, 0x0000000611600000|  0%| F|  |TAMS 0x0000000611400000, 0x0000000611400000| Untracked 
| 133|0x0000000611600000, 0x0000000611600000, 0x0000000611800000|  0%| F|  |TAMS 0x0000000611600000, 0x0000000611600000| Untracked 
| 134|0x0000000611800000, 0x0000000611800000, 0x0000000611a00000|  0%| F|  |TAMS 0x0000000611800000, 0x0000000611800000| Untracked 
| 135|0x0000000611a00000, 0x0000000611a00000, 0x0000000611c00000|  0%| F|  |TAMS 0x0000000611a00000, 0x0000000611a00000| Untracked 
| 136|0x0000000611c00000, 0x0000000611c00000, 0x0000000611e00000|  0%| F|  |TAMS 0x0000000611c00000, 0x0000000611c00000| Untracked 
| 137|0x0000000611e00000, 0x0000000611e00000, 0x0000000612000000|  0%| F|  |TAMS 0x0000000611e00000, 0x0000000611e00000| Untracked 
| 138|0x0000000612000000, 0x0000000612000000, 0x0000000612200000|  0%| F|  |TAMS 0x0000000612000000, 0x0000000612000000| Untracked 
| 139|0x0000000612200000, 0x0000000612200000, 0x0000000612400000|  0%| F|  |TAMS 0x0000000612200000, 0x0000000612200000| Untracked 
| 140|0x0000000612400000, 0x0000000612400000, 0x0000000612600000|  0%| F|  |TAMS 0x0000000612400000, 0x0000000612400000| Untracked 
| 141|0x0000000612600000, 0x0000000612600000, 0x0000000612800000|  0%| F|  |TAMS 0x0000000612600000, 0x0000000612600000| Untracked 
| 142|0x0000000612800000, 0x0000000612800000, 0x0000000612a00000|  0%| F|  |TAMS 0x0000000612800000, 0x0000000612800000| Untracked 
| 143|0x0000000612a00000, 0x0000000612a00000, 0x0000000612c00000|  0%| F|  |TAMS 0x0000000612a00000, 0x0000000612a00000| Untracked 
| 144|0x0000000612c00000, 0x0000000612c00000, 0x0000000612e00000|  0%| F|  |TAMS 0x0000000612c00000, 0x0000000612c00000| Untracked 
| 145|0x0000000612e00000, 0x0000000612e00000, 0x0000000613000000|  0%| F|  |TAMS 0x0000000612e00000, 0x0000000612e00000| Untracked 
| 146|0x0000000613000000, 0x0000000613000000, 0x0000000613200000|  0%| F|  |TAMS 0x0000000613000000, 0x0000000613000000| Untracked 
| 147|0x0000000613200000, 0x0000000613200000, 0x0000000613400000|  0%| F|  |TAMS 0x0000000613200000, 0x0000000613200000| Untracked 
| 148|0x0000000613400000, 0x0000000613400000, 0x0000000613600000|  0%| F|  |TAMS 0x0000000613400000, 0x0000000613400000| Untracked 
| 149|0x0000000613600000, 0x0000000613600000, 0x0000000613800000|  0%| F|  |TAMS 0x0000000613600000, 0x0000000613600000| Untracked 
| 150|0x0000000613800000, 0x0000000613800000, 0x0000000613a00000|  0%| F|  |TAMS 0x0000000613800000, 0x0000000613800000| Untracked 
| 151|0x0000000613a00000, 0x0000000613a00000, 0x0000000613c00000|  0%| F|  |TAMS 0x0000000613a00000, 0x0000000613a00000| Untracked 
| 152|0x0000000613c00000, 0x0000000613c00000, 0x0000000613e00000|  0%| F|  |TAMS 0x0000000613c00000, 0x0000000613c00000| Untracked 
| 153|0x0000000613e00000, 0x0000000613e00000, 0x0000000614000000|  0%| F|  |TAMS 0x0000000613e00000, 0x0000000613e00000| Untracked 
| 154|0x0000000614000000, 0x0000000614000000, 0x0000000614200000|  0%| F|  |TAMS 0x0000000614000000, 0x0000000614000000| Untracked 
| 155|0x0000000614200000, 0x0000000614200000, 0x0000000614400000|  0%| F|  |TAMS 0x0000000614200000, 0x0000000614200000| Untracked 
| 156|0x0000000614400000, 0x0000000614400000, 0x0000000614600000|  0%| F|  |TAMS 0x0000000614400000, 0x0000000614400000| Untracked 
| 157|0x0000000614600000, 0x0000000614600000, 0x0000000614800000|  0%| F|  |TAMS 0x0000000614600000, 0x0000000614600000| Untracked 
| 158|0x0000000614800000, 0x0000000614800000, 0x0000000614a00000|  0%| F|  |TAMS 0x0000000614800000, 0x0000000614800000| Untracked 
| 159|0x0000000614a00000, 0x0000000614a00000, 0x0000000614c00000|  0%| F|  |TAMS 0x0000000614a00000, 0x0000000614a00000| Untracked 
| 160|0x0000000614c00000, 0x0000000614c00000, 0x0000000614e00000|  0%| F|  |TAMS 0x0000000614c00000, 0x0000000614c00000| Untracked 
| 161|0x0000000614e00000, 0x0000000614e00000, 0x0000000615000000|  0%| F|  |TAMS 0x0000000614e00000, 0x0000000614e00000| Untracked 
| 162|0x0000000615000000, 0x0000000615000000, 0x0000000615200000|  0%| F|  |TAMS 0x0000000615000000, 0x0000000615000000| Untracked 
| 163|0x0000000615200000, 0x0000000615200000, 0x0000000615400000|  0%| F|  |TAMS 0x0000000615200000, 0x0000000615200000| Untracked 
| 164|0x0000000615400000, 0x0000000615400000, 0x0000000615600000|  0%| F|  |TAMS 0x0000000615400000, 0x0000000615400000| Untracked 
| 165|0x0000000615600000, 0x0000000615600000, 0x0000000615800000|  0%| F|  |TAMS 0x0000000615600000, 0x0000000615600000| Untracked 
| 166|0x0000000615800000, 0x0000000615800000, 0x0000000615a00000|  0%| F|  |TAMS 0x0000000615800000, 0x0000000615800000| Untracked 
| 167|0x0000000615a00000, 0x0000000615a00000, 0x0000000615c00000|  0%| F|  |TAMS 0x0000000615a00000, 0x0000000615a00000| Untracked 
| 168|0x0000000615c00000, 0x0000000615c00000, 0x0000000615e00000|  0%| F|  |TAMS 0x0000000615c00000, 0x0000000615c00000| Untracked 
| 169|0x0000000615e00000, 0x0000000615e00000, 0x0000000616000000|  0%| F|  |TAMS 0x0000000615e00000, 0x0000000615e00000| Untracked 
| 170|0x0000000616000000, 0x0000000616000000, 0x0000000616200000|  0%| F|  |TAMS 0x0000000616000000, 0x0000000616000000| Untracked 
| 171|0x0000000616200000, 0x0000000616200000, 0x0000000616400000|  0%| F|  |TAMS 0x0000000616200000, 0x0000000616200000| Untracked 
| 172|0x0000000616400000, 0x0000000616400000, 0x0000000616600000|  0%| F|  |TAMS 0x0000000616400000, 0x0000000616400000| Untracked 
| 173|0x0000000616600000, 0x0000000616600000, 0x0000000616800000|  0%| F|  |TAMS 0x0000000616600000, 0x0000000616600000| Untracked 
| 174|0x0000000616800000, 0x0000000616800000, 0x0000000616a00000|  0%| F|  |TAMS 0x0000000616800000, 0x0000000616800000| Untracked 
| 175|0x0000000616a00000, 0x0000000616a00000, 0x0000000616c00000|  0%| F|  |TAMS 0x0000000616a00000, 0x0000000616a00000| Untracked 
| 176|0x0000000616c00000, 0x0000000616c00000, 0x0000000616e00000|  0%| F|  |TAMS 0x0000000616c00000, 0x0000000616c00000| Untracked 
| 177|0x0000000616e00000, 0x0000000617000000, 0x0000000617000000|100%| S|CS|TAMS 0x0000000616e00000, 0x0000000616e00000| Complete 
| 178|0x0000000617000000, 0x0000000617200000, 0x0000000617200000|100%| S|CS|TAMS 0x0000000617000000, 0x0000000617000000| Complete 
| 179|0x0000000617200000, 0x0000000617400000, 0x0000000617400000|100%| S|CS|TAMS 0x0000000617200000, 0x0000000617200000| Complete 
| 180|0x0000000617400000, 0x0000000617600000, 0x0000000617600000|100%| S|CS|TAMS 0x0000000617400000, 0x0000000617400000| Complete 
| 181|0x0000000617600000, 0x0000000617800000, 0x0000000617800000|100%| S|CS|TAMS 0x0000000617600000, 0x0000000617600000| Complete 
| 182|0x0000000617800000, 0x0000000617a00000, 0x0000000617a00000|100%| S|CS|TAMS 0x0000000617800000, 0x0000000617800000| Complete 
| 183|0x0000000617a00000, 0x0000000617c00000, 0x0000000617c00000|100%| S|CS|TAMS 0x0000000617a00000, 0x0000000617a00000| Complete 
| 184|0x0000000617c00000, 0x0000000617e00000, 0x0000000617e00000|100%| S|CS|TAMS 0x0000000617c00000, 0x0000000617c00000| Complete 
| 185|0x0000000617e00000, 0x0000000617e00000, 0x0000000618000000|  0%| F|  |TAMS 0x0000000617e00000, 0x0000000617e00000| Untracked 
| 186|0x0000000618000000, 0x0000000618000000, 0x0000000618200000|  0%| F|  |TAMS 0x0000000618000000, 0x0000000618000000| Untracked 
| 187|0x0000000618200000, 0x0000000618200000, 0x0000000618400000|  0%| F|  |TAMS 0x0000000618200000, 0x0000000618200000| Untracked 
| 188|0x0000000618400000, 0x0000000618400000, 0x0000000618600000|  0%| F|  |TAMS 0x0000000618400000, 0x0000000618400000| Untracked 
| 189|0x0000000618600000, 0x0000000618600000, 0x0000000618800000|  0%| F|  |TAMS 0x0000000618600000, 0x0000000618600000| Untracked 
| 190|0x0000000618800000, 0x0000000618800000, 0x0000000618a00000|  0%| F|  |TAMS 0x0000000618800000, 0x0000000618800000| Untracked 
| 191|0x0000000618a00000, 0x0000000618a00000, 0x0000000618c00000|  0%| F|  |TAMS 0x0000000618a00000, 0x0000000618a00000| Untracked 
| 192|0x0000000618c00000, 0x0000000618c00000, 0x0000000618e00000|  0%| F|  |TAMS 0x0000000618c00000, 0x0000000618c00000| Untracked 
| 193|0x0000000618e00000, 0x0000000618e00000, 0x0000000619000000|  0%| F|  |TAMS 0x0000000618e00000, 0x0000000618e00000| Untracked 
| 194|0x0000000619000000, 0x0000000619000000, 0x0000000619200000|  0%| F|  |TAMS 0x0000000619000000, 0x0000000619000000| Untracked 
| 195|0x0000000619200000, 0x0000000619200000, 0x0000000619400000|  0%| F|  |TAMS 0x0000000619200000, 0x0000000619200000| Untracked 
| 196|0x0000000619400000, 0x0000000619400000, 0x0000000619600000|  0%| F|  |TAMS 0x0000000619400000, 0x0000000619400000| Untracked 
| 197|0x0000000619600000, 0x0000000619600000, 0x0000000619800000|  0%| F|  |TAMS 0x0000000619600000, 0x0000000619600000| Untracked 
| 198|0x0000000619800000, 0x0000000619800000, 0x0000000619a00000|  0%| F|  |TAMS 0x0000000619800000, 0x0000000619800000| Untracked 
| 199|0x0000000619a00000, 0x0000000619a00000, 0x0000000619c00000|  0%| F|  |TAMS 0x0000000619a00000, 0x0000000619a00000| Untracked 
| 200|0x0000000619c00000, 0x0000000619c00000, 0x0000000619e00000|  0%| F|  |TAMS 0x0000000619c00000, 0x0000000619c00000| Untracked 
| 201|0x0000000619e00000, 0x0000000619e00000, 0x000000061a000000|  0%| F|  |TAMS 0x0000000619e00000, 0x0000000619e00000| Untracked 
| 202|0x000000061a000000, 0x000000061a000000, 0x000000061a200000|  0%| F|  |TAMS 0x000000061a000000, 0x000000061a000000| Untracked 
| 203|0x000000061a200000, 0x000000061a200000, 0x000000061a400000|  0%| F|  |TAMS 0x000000061a200000, 0x000000061a200000| Untracked 
| 204|0x000000061a400000, 0x000000061a400000, 0x000000061a600000|  0%| F|  |TAMS 0x000000061a400000, 0x000000061a400000| Untracked 
| 205|0x000000061a600000, 0x000000061a600000, 0x000000061a800000|  0%| F|  |TAMS 0x000000061a600000, 0x000000061a600000| Untracked 
| 206|0x000000061a800000, 0x000000061a800000, 0x000000061aa00000|  0%| F|  |TAMS 0x000000061a800000, 0x000000061a800000| Untracked 
| 207|0x000000061aa00000, 0x000000061aa00000, 0x000000061ac00000|  0%| F|  |TAMS 0x000000061aa00000, 0x000000061aa00000| Untracked 
| 208|0x000000061ac00000, 0x000000061ac00000, 0x000000061ae00000|  0%| F|  |TAMS 0x000000061ac00000, 0x000000061ac00000| Untracked 
| 209|0x000000061ae00000, 0x000000061ae00000, 0x000000061b000000|  0%| F|  |TAMS 0x000000061ae00000, 0x000000061ae00000| Untracked 
| 210|0x000000061b000000, 0x000000061b000000, 0x000000061b200000|  0%| F|  |TAMS 0x000000061b000000, 0x000000061b000000| Untracked 
| 211|0x000000061b200000, 0x000000061b200000, 0x000000061b400000|  0%| F|  |TAMS 0x000000061b200000, 0x000000061b200000| Untracked 
| 212|0x000000061b400000, 0x000000061b400000, 0x000000061b600000|  0%| F|  |TAMS 0x000000061b400000, 0x000000061b400000| Untracked 
| 213|0x000000061b600000, 0x000000061b600000, 0x000000061b800000|  0%| F|  |TAMS 0x000000061b600000, 0x000000061b600000| Untracked 
| 214|0x000000061b800000, 0x000000061b800000, 0x000000061ba00000|  0%| F|  |TAMS 0x000000061b800000, 0x000000061b800000| Untracked 
| 215|0x000000061ba00000, 0x000000061ba00000, 0x000000061bc00000|  0%| F|  |TAMS 0x000000061ba00000, 0x000000061ba00000| Untracked 
| 216|0x000000061bc00000, 0x000000061bc00000, 0x000000061be00000|  0%| F|  |TAMS 0x000000061bc00000, 0x000000061bc00000| Untracked 
| 217|0x000000061be00000, 0x000000061be00000, 0x000000061c000000|  0%| F|  |TAMS 0x000000061be00000, 0x000000061be00000| Untracked 
| 218|0x000000061c000000, 0x000000061c000000, 0x000000061c200000|  0%| F|  |TAMS 0x000000061c000000, 0x000000061c000000| Untracked 
| 219|0x000000061c200000, 0x000000061c200000, 0x000000061c400000|  0%| F|  |TAMS 0x000000061c200000, 0x000000061c200000| Untracked 
| 220|0x000000061c400000, 0x000000061c400000, 0x000000061c600000|  0%| F|  |TAMS 0x000000061c400000, 0x000000061c400000| Untracked 
| 221|0x000000061c600000, 0x000000061c600000, 0x000000061c800000|  0%| F|  |TAMS 0x000000061c600000, 0x000000061c600000| Untracked 
| 222|0x000000061c800000, 0x000000061c800000, 0x000000061ca00000|  0%| F|  |TAMS 0x000000061c800000, 0x000000061c800000| Untracked 
| 223|0x000000061ca00000, 0x000000061ca00000, 0x000000061cc00000|  0%| F|  |TAMS 0x000000061ca00000, 0x000000061ca00000| Untracked 
| 224|0x000000061cc00000, 0x000000061cc00000, 0x000000061ce00000|  0%| F|  |TAMS 0x000000061cc00000, 0x000000061cc00000| Untracked 
| 225|0x000000061ce00000, 0x000000061ce00000, 0x000000061d000000|  0%| F|  |TAMS 0x000000061ce00000, 0x000000061ce00000| Untracked 
| 226|0x000000061d000000, 0x000000061d000000, 0x000000061d200000|  0%| F|  |TAMS 0x000000061d000000, 0x000000061d000000| Untracked 
| 227|0x000000061d200000, 0x000000061d200000, 0x000000061d400000|  0%| F|  |TAMS 0x000000061d200000, 0x000000061d200000| Untracked 
| 228|0x000000061d400000, 0x000000061d400000, 0x000000061d600000|  0%| F|  |TAMS 0x000000061d400000, 0x000000061d400000| Untracked 
| 229|0x000000061d600000, 0x000000061d600000, 0x000000061d800000|  0%| F|  |TAMS 0x000000061d600000, 0x000000061d600000| Untracked 
| 230|0x000000061d800000, 0x000000061d800000, 0x000000061da00000|  0%| F|  |TAMS 0x000000061d800000, 0x000000061d800000| Untracked 
| 231|0x000000061da00000, 0x000000061da00000, 0x000000061dc00000|  0%| F|  |TAMS 0x000000061da00000, 0x000000061da00000| Untracked 
| 232|0x000000061dc00000, 0x000000061dc00000, 0x000000061de00000|  0%| F|  |TAMS 0x000000061dc00000, 0x000000061dc00000| Untracked 
| 233|0x000000061de00000, 0x000000061de00000, 0x000000061e000000|  0%| F|  |TAMS 0x000000061de00000, 0x000000061de00000| Untracked 
| 234|0x000000061e000000, 0x000000061e000000, 0x000000061e200000|  0%| F|  |TAMS 0x000000061e000000, 0x000000061e000000| Untracked 
| 235|0x000000061e200000, 0x000000061e200000, 0x000000061e400000|  0%| F|  |TAMS 0x000000061e200000, 0x000000061e200000| Untracked 
| 236|0x000000061e400000, 0x000000061e400000, 0x000000061e600000|  0%| F|  |TAMS 0x000000061e400000, 0x000000061e400000| Untracked 
| 237|0x000000061e600000, 0x000000061e600000, 0x000000061e800000|  0%| F|  |TAMS 0x000000061e600000, 0x000000061e600000| Untracked 
| 238|0x000000061e800000, 0x000000061e800000, 0x000000061ea00000|  0%| F|  |TAMS 0x000000061e800000, 0x000000061e800000| Untracked 
| 239|0x000000061ea00000, 0x000000061ea00000, 0x000000061ec00000|  0%| F|  |TAMS 0x000000061ea00000, 0x000000061ea00000| Untracked 
| 240|0x000000061ec00000, 0x000000061ec00000, 0x000000061ee00000|  0%| F|  |TAMS 0x000000061ec00000, 0x000000061ec00000| Untracked 
| 241|0x000000061ee00000, 0x000000061ee00000, 0x000000061f000000|  0%| F|  |TAMS 0x000000061ee00000, 0x000000061ee00000| Untracked 
| 242|0x000000061f000000, 0x000000061f000000, 0x000000061f200000|  0%| F|  |TAMS 0x000000061f000000, 0x000000061f000000| Untracked 
| 243|0x000000061f200000, 0x000000061f200000, 0x000000061f400000|  0%| F|  |TAMS 0x000000061f200000, 0x000000061f200000| Untracked 
| 244|0x000000061f400000, 0x000000061f400000, 0x000000061f600000|  0%| F|  |TAMS 0x000000061f400000, 0x000000061f400000| Untracked 
| 245|0x000000061f600000, 0x000000061f600000, 0x000000061f800000|  0%| F|  |TAMS 0x000000061f600000, 0x000000061f600000| Untracked 
| 246|0x000000061f800000, 0x000000061f800000, 0x000000061fa00000|  0%| F|  |TAMS 0x000000061f800000, 0x000000061f800000| Untracked 
| 247|0x000000061fa00000, 0x000000061fa00000, 0x000000061fc00000|  0%| F|  |TAMS 0x000000061fa00000, 0x000000061fa00000| Untracked 
| 248|0x000000061fc00000, 0x000000061fc00000, 0x000000061fe00000|  0%| F|  |TAMS 0x000000061fc00000, 0x000000061fc00000| Untracked 
| 249|0x000000061fe00000, 0x000000061fe00000, 0x0000000620000000|  0%| F|  |TAMS 0x000000061fe00000, 0x000000061fe00000| Untracked 
| 250|0x0000000620000000, 0x0000000620000000, 0x0000000620200000|  0%| F|  |TAMS 0x0000000620000000, 0x0000000620000000| Untracked 
| 251|0x0000000620200000, 0x0000000620200000, 0x0000000620400000|  0%| F|  |TAMS 0x0000000620200000, 0x0000000620200000| Untracked 
| 252|0x0000000620400000, 0x0000000620400000, 0x0000000620600000|  0%| F|  |TAMS 0x0000000620400000, 0x0000000620400000| Untracked 
| 253|0x0000000620600000, 0x0000000620600000, 0x0000000620800000|  0%| F|  |TAMS 0x0000000620600000, 0x0000000620600000| Untracked 
| 254|0x0000000620800000, 0x0000000620800000, 0x0000000620a00000|  0%| F|  |TAMS 0x0000000620800000, 0x0000000620800000| Untracked 
| 255|0x0000000620a00000, 0x0000000620a00000, 0x0000000620c00000|  0%| F|  |TAMS 0x0000000620a00000, 0x0000000620a00000| Untracked 

Card table byte_map: [0x00000074dd200000,0x00000074de200000] _byte_map_base: 0x00000074da1fa000

Marking Bits (Prev, Next): (CMBitMap*) 0x00000074c937c020, (CMBitMap*) 0x00000074c937bfe8
 Prev Bits: [0x00000074e71d0000, 0x00000074ef1a0000)
 Next Bits: [0x00000074df200000, 0x00000074e71d0000)

Polling page: 0x00000074c7120000

Metaspace:

Usage:
  Non-class:     66.84 MB capacity,    66.36 MB (>99%) used,   361.79 KB ( <1%) free+waste,   124.25 KB ( <1%) overhead. 
      Class:      8.83 MB capacity,     8.49 MB ( 96%) used,   298.48 KB (  3%) free+waste,    53.94 KB ( <1%) overhead. 
       Both:     75.67 MB capacity,    74.85 MB ( 99%) used,   660.27 KB ( <1%) free+waste,   178.19 KB ( <1%) overhead. 

Virtual space:
  Non-class space:       68.00 MB reserved,      66.92 MB ( 98%) committed 
      Class space:        1.00 GB reserved,       8.96 MB ( <1%) committed 
             Both:        1.07 GB reserved,      75.88 MB (  7%) committed 

Chunk freelists:
   Non-Class:  21.00 KB
       Class:  13.00 KB
        Both:  34.00 KB

MaxMetaspaceSize: 17179869184.00 GB
CompressedClassSpaceSize: 1.00 GB

CodeHeap 'non-profiled nmethods': size=120000Kb used=5547Kb max_used=5547Kb free=114452Kb
 bounds [0x00000074d4890000, 0x00000074d4e00000, 0x00000074dbdc0000]
CodeHeap 'profiled nmethods': size=120000Kb used=27979Kb max_used=27979Kb free=92020Kb
 bounds [0x00000074cd360000, 0x00000074ceec0000, 0x00000074d4890000]
CodeHeap 'non-nmethods': size=5760Kb used=1284Kb max_used=1335Kb free=4476Kb
 bounds [0x00000074ccdc0000, 0x00000074cd030000, 0x00000074cd360000]
 total_blobs=10309 nmethods=9658 adapters=561
 compilation: enabled
              stopped_count=0, restarted_count=0
 full_count=0

Compilation events (20 events):
Event: 12.239 Thread 0x00000074f2b1b000 9698       1       org.jetbrains.kotlin.load.java.typeEnhancement.NotNullTypeParameter::isMarkedNullable (2 bytes)
Event: 12.239 Thread 0x00000074f2b1b000 nmethod 9698 0x00000074d4df5510 code [0x00000074d4df56c0, 0x00000074d4df5778]
Event: 12.239 Thread 0x00000074f2b1b000 9699       3       org.jetbrains.kotlin.backend.common.serialization.mangle.descriptor.DescriptorMangleComputer$mangleTypeParameter$1::invoke (16 bytes)
Event: 12.240 Thread 0x00000074f2b1b000 nmethod 9699 0x00000074ceead990 code [0x00000074ceeadc00, 0x00000074ceeae538]
Event: 12.240 Thread 0x00000074f2b1b000 9700       3       org.jetbrains.kotlin.backend.common.serialization.mangle.descriptor.DescriptorMangleComputer$mangleTypeParameter$1::invoke (22 bytes)
Event: 12.240 Thread 0x00000074f2b1b000 nmethod 9700 0x00000074ceeae890 code [0x00000074ceeaeae0, 0x00000074ceeaf198]
Event: 12.241 Thread 0x00000074f2b20000 nmethod 9685 0x00000074d4df5810 code [0x00000074d4df59c0, 0x00000074d4df5b38]
Event: 12.241 Thread 0x00000074f2b20000 9670       4       org.jetbrains.kotlin.ir.util.TypeTranslator::translateType (580 bytes)
Event: 12.244 Thread 0x00000074f2b1b000 9701       3       org.jetbrains.kotlin.ir.expressions.IrFunctionAccessExpression::getValueArgument (32 bytes)
Event: 12.244 Thread 0x00000074f2b1b000 nmethod 9701 0x00000074ceeaf490 code [0x00000074ceeaf660, 0x00000074ceeaf8e8]
Event: 12.245 Thread 0x00000074f2b1b000 9702       3       org.jetbrains.kotlin.ir.expressions.impl.IrConstImpl::<init> (45 bytes)
Event: 12.246 Thread 0x00000074f2b1b000 nmethod 9702 0x00000074ceeafa90 code [0x00000074ceeafd60, 0x00000074ceeb0b18]
Event: 12.249 Thread 0x00000074f2b12000 nmethod 9647 0x00000074d4df5d90 code [0x00000074d4df6120, 0x00000074d4df8d40]
Event: 12.249 Thread 0x00000074f2b12000 9677       4       org.jetbrains.kotlin.ir.types.impl.IrSimpleTypeImplKt::buildTypeProjection (48 bytes)
Event: 12.251 Thread 0x00000074f2b1b000 9705       3       org.jetbrains.kotlin.ir.util.TypeTranslator::addSpecialAnnotation (32 bytes)
Event: 12.252 Thread 0x00000074f2b1b000 nmethod 9705 0x00000074ceeb0f90 code [0x00000074ceeb12a0, 0x00000074ceeb2388]
Event: 12.252 Thread 0x00000074f2b1b000 9706       3       org.jetbrains.kotlin.ir.expressions.impl.IrConstructorCallImpl$Companion::fromSymbolOwner$default (23 bytes)
Event: 12.252 Thread 0x00000074f2b1b000 nmethod 9706 0x00000074ceeb2910 code [0x00000074ceeb2ac0, 0x00000074ceeb2c28]
Event: 12.256 Thread 0x00000074f2b1b000 9709       1       org.jetbrains.kotlin.ir.expressions.IrExpression::getAttributeOwnerId (5 bytes)
Event: 12.256 Thread 0x00000074f2b1b000 nmethod 9709 0x00000074d4dfaa90 code [0x00000074d4dfac40, 0x00000074d4dfacf8]

GC Heap History (9 events):
Event: 0.761 GC heap before
{Heap before GC invocations=0 (full 0):
 garbage-first heap   total 524288K, used 26624K [0x0000000600c00000, 0x0000000800000000)
  region size 2048K, 12 young (24576K), 0 survivors (0K)
 Metaspace       used 12101K, capacity 12216K, committed 12544K, reserved 1060864K
  class space    used 1139K, capacity 1175K, committed 1280K, reserved 1048576K
}
Event: 0.766 GC heap after
{Heap after GC invocations=1 (full 0):
 garbage-first heap   total 524288K, used 6672K [0x0000000600c00000, 0x0000000800000000)
  region size 2048K, 2 young (4096K), 2 survivors (4096K)
 Metaspace       used 12101K, capacity 12216K, committed 12544K, reserved 1060864K
  class space    used 1139K, capacity 1175K, committed 1280K, reserved 1048576K
}
Event: 1.664 GC heap before
{Heap before GC invocations=1 (full 0):
 garbage-first heap   total 524288K, used 43536K [0x0000000600c00000, 0x0000000800000000)
  region size 2048K, 21 young (43008K), 2 survivors (4096K)
 Metaspace       used 20930K, capacity 21122K, committed 21296K, reserved 1069056K
  class space    used 2218K, capacity 2325K, committed 2432K, reserved 1048576K
}
Event: 1.679 GC heap after
{Heap after GC invocations=2 (full 0):
 garbage-first heap   total 524288K, used 10278K [0x0000000600c00000, 0x0000000800000000)
  region size 2048K, 4 young (8192K), 4 survivors (8192K)
 Metaspace       used 20930K, capacity 21122K, committed 21296K, reserved 1069056K
  class space    used 2218K, capacity 2325K, committed 2432K, reserved 1048576K
}
Event: 3.166 GC heap before
{Heap before GC invocations=3 (full 0):
 garbage-first heap   total 524288K, used 75814K [0x0000000600c00000, 0x0000000800000000)
  region size 2048K, 34 young (69632K), 4 survivors (8192K)
 Metaspace       used 35425K, capacity 35855K, committed 35920K, reserved 1081344K
  class space    used 4422K, capacity 4586K, committed 4608K, reserved 1048576K
}
Event: 3.205 GC heap after
{Heap after GC invocations=4 (full 0):
 garbage-first heap   total 524288K, used 23431K [0x0000000600c00000, 0x0000000800000000)
  region size 2048K, 5 young (10240K), 5 survivors (10240K)
 Metaspace       used 35425K, capacity 35855K, committed 35920K, reserved 1081344K
  class space    used 4422K, capacity 4586K, committed 4608K, reserved 1048576K
}
Event: 8.170 GC heap before
{Heap before GC invocations=5 (full 0):
 garbage-first heap   total 524288K, used 246663K [0x0000000600c00000, 0x0000000800000000)
  region size 2048K, 114 young (233472K), 5 survivors (10240K)
 Metaspace       used 59582K, capacity 60321K, committed 60420K, reserved 1101824K
  class space    used 6909K, capacity 7199K, committed 7252K, reserved 1048576K
}
Event: 8.330 GC heap after
{Heap after GC invocations=6 (full 0):
 garbage-first heap   total 524288K, used 50265K [0x0000000600c00000, 0x0000000800000000)
  region size 2048K, 19 young (38912K), 19 survivors (38912K)
 Metaspace       used 59582K, capacity 60321K, committed 60420K, reserved 1101824K
  class space    used 6909K, capacity 7199K, committed 7252K, reserved 1048576K
}
Event: 12.260 GC heap before
{Heap before GC invocations=7 (full 0):
 garbage-first heap   total 524288K, used 195673K [0x0000000600c00000, 0x0000000800000000)
  region size 2048K, 90 young (184320K), 19 survivors (38912K)
 Metaspace       used 76647K, capacity 77486K, committed 77700K, reserved 1118208K
  class space    used 8690K, capacity 9043K, committed 9172K, reserved 1048576K
}

Deoptimization events (20 events):
Event: 12.194 Thread 0x00000074c92fa800 Uncommon trap: trap_request=0xffffff6e fr.pc=0x00000074d4ded6f8 relative=0x0000000000000058
Event: 12.194 Thread 0x00000074c92fa800 Uncommon trap: reason=speculate_class_check action=maybe_recompile pc=0x00000074d4ded6f8 method=org.jetbrains.kotlin.types.checker.ClassicTypeSystemContext$DefaultImpls.hasAnnotation(Lorg/jetbrains/kotlin/types/checker/ClassicTypeSystemContext;Lorg/jetbra
Event: 12.194 Thread 0x00000074c92fa800 DEOPT PACKING pc=0x00000074d4ded6f8 sp=0x00000074c8a9cc40
Event: 12.194 Thread 0x00000074c92fa800 DEOPT UNPACKING pc=0x00000074ccde68af sp=0x00000074c8a9ca00 mode 2
Event: 12.194 Thread 0x00000074c92fa800 Uncommon trap: trap_request=0xffffff6e fr.pc=0x00000074d4ded6f8 relative=0x0000000000000058
Event: 12.194 Thread 0x00000074c92fa800 Uncommon trap: reason=speculate_class_check action=maybe_recompile pc=0x00000074d4ded6f8 method=org.jetbrains.kotlin.types.checker.ClassicTypeSystemContext$DefaultImpls.hasAnnotation(Lorg/jetbrains/kotlin/types/checker/ClassicTypeSystemContext;Lorg/jetbra
Event: 12.194 Thread 0x00000074c92fa800 DEOPT PACKING pc=0x00000074d4ded6f8 sp=0x00000074c8a9c980
Event: 12.194 Thread 0x00000074c92fa800 DEOPT UNPACKING pc=0x00000074ccde68af sp=0x00000074c8a9c740 mode 2
Event: 12.194 Thread 0x00000074c92fa800 Uncommon trap: trap_request=0xffffff6e fr.pc=0x00000074d4ded6f8 relative=0x0000000000000058
Event: 12.194 Thread 0x00000074c92fa800 Uncommon trap: reason=speculate_class_check action=maybe_recompile pc=0x00000074d4ded6f8 method=org.jetbrains.kotlin.types.checker.ClassicTypeSystemContext$DefaultImpls.hasAnnotation(Lorg/jetbrains/kotlin/types/checker/ClassicTypeSystemContext;Lorg/jetbra
Event: 12.194 Thread 0x00000074c92fa800 DEOPT PACKING pc=0x00000074d4ded6f8 sp=0x00000074c8a9ccc0
Event: 12.194 Thread 0x00000074c92fa800 DEOPT UNPACKING pc=0x00000074ccde68af sp=0x00000074c8a9ca80 mode 2
Event: 12.249 Thread 0x00000074c92fa800 Uncommon trap: trap_request=0xffffff6e fr.pc=0x00000074d4df7f80 relative=0x0000000000001e60
Event: 12.249 Thread 0x00000074c92fa800 Uncommon trap: reason=speculate_class_check action=maybe_recompile pc=0x00000074d4df7f80 method=org.jetbrains.kotlin.types.checker.ClassicTypeSystemContext$DefaultImpls.hasAnnotation(Lorg/jetbrains/kotlin/types/checker/ClassicTypeSystemContext;Lorg/jetbra
Event: 12.249 Thread 0x00000074c92fa800 DEOPT PACKING pc=0x00000074d4df7f80 sp=0x00000074c8a9cc10
Event: 12.249 Thread 0x00000074c92fa800 DEOPT UNPACKING pc=0x00000074ccde68af sp=0x00000074c8a9c960 mode 2
Event: 12.250 Thread 0x00000074c92fa800 Uncommon trap: trap_request=0xffffff6e fr.pc=0x00000074d4df7f80 relative=0x0000000000001e60
Event: 12.250 Thread 0x00000074c92fa800 Uncommon trap: reason=speculate_class_check action=maybe_recompile pc=0x00000074d4df7f80 method=org.jetbrains.kotlin.types.checker.ClassicTypeSystemContext$DefaultImpls.hasAnnotation(Lorg/jetbrains/kotlin/types/checker/ClassicTypeSystemContext;Lorg/jetbra
Event: 12.250 Thread 0x00000074c92fa800 DEOPT PACKING pc=0x00000074d4df7f80 sp=0x00000074c8a9ce90
Event: 12.250 Thread 0x00000074c92fa800 DEOPT UNPACKING pc=0x00000074ccde68af sp=0x00000074c8a9cbe0 mode 2

Classes redefined (0 events):
No events

Internal exceptions (20 events):
Event: 6.875 Thread 0x00000074c92fa800 Exception <a 'java/lang/NoSuchMethodError'{0x00000006169a5ab8}: 'java.lang.Object java.lang.invoke.DirectMethodHandle$Holder.invokeStatic(java.lang.Object, int, java.lang.Object, java.lang.Object)'> (0x00000006169a5ab8) thrown at [./src/hotspot/share/interpreter/linkResolver.cpp, line 773]
Event: 6.877 Thread 0x00000074c92fa800 Exception <a 'java/lang/NoSuchMethodError'{0x00000006169aff00}: 'int java.lang.invoke.DirectMethodHandle$Holder.invokeInterface(java.lang.Object, java.lang.Object)'> (0x00000006169aff00) thrown at [./src/hotspot/share/interpreter/linkResolver.cpp, line 773]
Event: 7.533 Thread 0x00000074c92fa800 Exception <a 'java/lang/NoSuchMethodError'{0x00000006142400e0}: 'java.lang.Object java.lang.invoke.Invokers$Holder.linkToTargetMethod(java.lang.Object, java.lang.Object, java.lang.Object, java.lang.Object, java.lang.Object, java.lang.Object)'> (0x00000006142400e0) thrown at [./src/hotspot/share/interpreter/linkResolver.cpp, line 773]
Event: 7.636 Thread 0x00000074c92fa800 Exception <a 'java/lang/NoSuchMethodError'{0x0000000613becc18}: 'int java.lang.invoke.DirectMethodHandle$Holder.invokeStaticInit(java.lang.Object, int)'> (0x0000000613becc18) thrown at [./src/hotspot/share/interpreter/linkResolver.cpp, line 773]
Event: 7.699 Thread 0x00000074c92fa800 Implicit null exception at 0x00000074d48eaade to 0x00000074d48eb2be
Event: 7.772 Thread 0x00000074c92fa800 Implicit null exception at 0x00000074d49cfccc to 0x00000074d49cfdb4
Event: 7.802 Thread 0x00000074c92fa800 Exception <a 'java/lang/NoSuchMethodError'{0x00000006135ae480}: 'java.lang.Object java.lang.invoke.DirectMethodHandle$Holder.invokeInterface(java.lang.Object, java.lang.Object, java.lang.Object)'> (0x00000006135ae480) thrown at [./src/hotspot/share/interpreter/linkResolver.cpp, line 773]
Event: 7.808 Thread 0x00000074c92fa800 Exception <a 'java/lang/IncompatibleClassChangeError'{0x00000006135d5820}: Found class java.lang.Object, but interface was expected> (0x00000006135d5820) thrown at [./src/hotspot/share/interpreter/linkResolver.cpp, line 839]
Event: 8.025 Thread 0x00000074c92fa800 Implicit null exception at 0x00000074d4b0707c to 0x00000074d4b07a04
Event: 8.459 Thread 0x00000074c92fa800 Exception <a 'java/lang/NoSuchMethodError'{0x00000006208a8620}: 'java.lang.Object java.lang.invoke.Invokers$Holder.linkToTargetMethod(java.lang.Object, java.lang.Object, java.lang.Object, int, int, java.lang.Object)'> (0x00000006208a8620) thrown at [./src/hotspot/share/interpreter/linkResolver.cpp, line 773]
Event: 8.745 Thread 0x00000074c92fa800 Exception <a 'java/lang/NoSuchMethodError'{0x000000061fe99ac0}: 'java.lang.Object java.lang.invoke.Invokers$Holder.linkToTargetMethod(java.lang.Object, java.lang.Object, java.lang.Object, java.lang.Object, java.lang.Object, java.lang.Object, java.lang.Object)'> (0x000000061fe99ac0) thrown at [./src/hotspot/share/interpreter/linkResolver.cpp, line 773]
Event: 9.217 Thread 0x00000074c92fa800 Implicit null exception at 0x00000074d4a0727e to 0x00000074d4a0753c
Event: 9.365 Thread 0x00000074c92fa800 Exception <a 'java/lang/NoSuchMethodError'{0x000000061f337480}: 'int java.lang.invoke.DirectMethodHandle$Holder.invokeVirtual(java.lang.Object, java.lang.Object, java.lang.Object)'> (0x000000061f337480) thrown at [./src/hotspot/share/interpreter/linkResolver.cpp, line 773]
Event: 9.453 Thread 0x00000074c92fa800 Exception <a 'java/lang/NoSuchMethodError'{0x000000061f0ff138}: 'int java.lang.invoke.DirectMethodHandle$Holder.invokeStatic(java.lang.Object, java.lang.Object, java.lang.Object, java.lang.Object, java.lang.Object)'> (0x000000061f0ff138) thrown at [./src/hotspot/share/interpreter/linkResolver.cpp, line 773]
Event: 9.698 Thread 0x00000074c92fa800 Implicit null exception at 0x00000074d48e6a75 to 0x00000074d48e6c54
Event: 9.869 Thread 0x00000074c92fa800 Implicit null exception at 0x00000074d4b0d4fe to 0x00000074d4b0d799
Event: 9.998 Thread 0x00000074c92fa800 Exception <a 'java/lang/NoSuchMethodError'{0x000000061e2948b8}: 'java.lang.Object java.lang.invoke.DirectMethodHandle$Holder.invokeStaticInit(java.lang.Object, java.lang.Object, java.lang.Object, java.lang.Object)'> (0x000000061e2948b8) thrown at [./src/hotspot/share/interpreter/linkResolver.cpp, line 773]
Event: 10.259 Thread 0x00000074c92fa800 Exception <a 'java/lang/NoSuchMethodError'{0x000000061d7cd368}: 'int java.lang.invoke.DirectMethodHandle$Holder.invokeStaticInit(java.lang.Object, java.lang.Object, java.lang.Object, java.lang.Object)'> (0x000000061d7cd368) thrown at [./src/hotspot/share/interpreter/linkResolver.cpp, line 773]
Event: 10.349 Thread 0x00000074c92fa800 Implicit null exception at 0x00000074d48f4b74 to 0x00000074d48f4d94
Event: 12.066 Thread 0x00000074c92fa800 Implicit null exception at 0x00000074d4dca572 to 0x00000074d4dca619

Events (20 events):
Event: 12.106 loading class org/jetbrains/kotlin/ir/util/NullDescriptorsRemapper done
Event: 12.106 loading class org/jetbrains/kotlin/ir/util/DescriptorsRemapper
Event: 12.106 loading class org/jetbrains/kotlin/ir/util/DescriptorsRemapper done
Event: 12.106 loading class org/jetbrains/kotlin/ir/util/DeepCopyTypeRemapper
Event: 12.106 loading class org/jetbrains/kotlin/ir/util/DeepCopyTypeRemapper done
Event: 12.107 loading class org/jetbrains/kotlin/ir/util/TypeRemapper
Event: 12.107 loading class org/jetbrains/kotlin/ir/util/TypeRemapper done
Event: 12.107 loading class org/jetbrains/kotlin/ir/util/DeepCopyIrTreeWithSymbols
Event: 12.107 loading class org/jetbrains/kotlin/ir/util/DeepCopyIrTreeWithSymbols done
Event: 12.109 Executing VM operation: Deoptimize
Event: 12.111 Executing VM operation: Deoptimize done
Event: 12.113 loading class org/jetbrains/kotlin/ir/util/SymbolRenamer$DEFAULT
Event: 12.113 loading class org/jetbrains/kotlin/ir/util/SymbolRenamer$DEFAULT done
Event: 12.113 loading class org/jetbrains/kotlin/ir/util/SymbolRenamer
Event: 12.113 loading class org/jetbrains/kotlin/ir/util/SymbolRenamer done
Event: 12.113 loading class org/jetbrains/kotlin/ir/declarations/IrAttributeContainerKt
Event: 12.113 loading class org/jetbrains/kotlin/ir/declarations/IrAttributeContainerKt done
Event: 12.193 loading class org/jetbrains/kotlin/ir/types/IrTypeAbbreviation
Event: 12.193 loading class org/jetbrains/kotlin/ir/types/IrTypeAbbreviation done
Event: 12.260 Executing VM operation: G1CollectForAllocation


Dynamic libraries:
0x00007ff779040000 - 0x00007ff77904a000 	G:\Android\Android Studio\jre\bin\java.exe
0x00007ff913100000 - 0x00007ff9132ad000 	C:\Windows\SYSTEM32\ntdll.dll
0x00007ff912450000 - 0x00007ff91258f000 	C:\Windows\system32\KERNEL32.DLL
0x00007ff9105d0000 - 0x00007ff9106e5000 	C:\Windows\system32\KERNELBASE.dll
0x00007ff8f9250000 - 0x00007ff8f9269000 	G:\Android\Android Studio\jre\bin\jli.dll
0x00007ff8f8280000 - 0x00007ff8f8297000 	G:\Android\Android Studio\jre\bin\VCRUNTIME140.dll
0x00007ff9012d0000 - 0x00007ff9012d4000 	C:\Windows\SYSTEM32\api-ms-win-crt-stdio-l1-1-0.dll
0x00007ff902500000 - 0x00007ff902504000 	C:\Windows\SYSTEM32\api-ms-win-crt-runtime-l1-1-0.dll
0x00007ff8ff570000 - 0x00007ff8ff573000 	C:\Windows\SYSTEM32\api-ms-win-crt-environment-l1-1-0.dll
0x00007ff9012f0000 - 0x00007ff9012f5000 	C:\Windows\SYSTEM32\api-ms-win-crt-math-l1-1-0.dll
0x00007ff8ff590000 - 0x00007ff8ff593000 	C:\Windows\SYSTEM32\api-ms-win-crt-locale-l1-1-0.dll
0x00007ff901290000 - 0x00007ff901293000 	C:\Windows\SYSTEM32\api-ms-win-crt-heap-l1-1-0.dll
0x00007ff90ddf0000 - 0x00007ff90e06b000 	C:\Windows\WinSxS\amd64_microsoft.windows.common-controls_6595b64144ccf1df_6.0.9600.19394_none_62486577ecb635cf\COMCTL32.dll
0x00007ff912df0000 - 0x00007ff912f67000 	C:\Windows\system32\USER32.dll
0x00007ff900b20000 - 0x00007ff900b23000 	C:\Windows\SYSTEM32\api-ms-win-crt-filesystem-l1-1-0.dll
0x00007ff9024f0000 - 0x00007ff9024f4000 	C:\Windows\SYSTEM32\api-ms-win-crt-string-l1-1-0.dll
0x00007ff9012e0000 - 0x00007ff9012e4000 	C:\Windows\SYSTEM32\api-ms-win-crt-convert-l1-1-0.dll
0x00007ff910bd0000 - 0x00007ff910c7a000 	C:\Windows\system32\msvcrt.dll
0x00007ff912f70000 - 0x00007ff9130be000 	C:\Windows\system32\GDI32.dll
0x00007ff8febb0000 - 0x00007ff8feca4000 	C:\Windows\SYSTEM32\ucrtbase.DLL
0x00007ff912690000 - 0x00007ff9126c6000 	C:\Windows\system32\IMM32.DLL
0x00007ff912ab0000 - 0x00007ff912c01000 	C:\Windows\system32\MSCTF.dll
0x00007ff89bd30000 - 0x00007ff89bdcd000 	G:\Android\Android Studio\jre\bin\msvcp140.dll
0x00007ff89fbb0000 - 0x00007ff89fbb5000 	C:\Windows\SYSTEM32\api-ms-win-crt-multibyte-l1-1-0.dll
0x00007ff8ff580000 - 0x00007ff8ff583000 	C:\Windows\SYSTEM32\api-ms-win-crt-time-l1-1-0.dll
0x00007ff901300000 - 0x00007ff901303000 	C:\Windows\SYSTEM32\api-ms-win-crt-utility-l1-1-0.dll
0x00007ff8c1cb0000 - 0x00007ff8c2785000 	G:\Android\Android Studio\jre\bin\server\jvm.dll
0x00007ff912c70000 - 0x00007ff912d1d000 	C:\Windows\system32\ADVAPI32.dll
0x00007ff90d3c0000 - 0x00007ff90d3c9000 	C:\Windows\SYSTEM32\WSOCK32.dll
0x00007ff90dcf0000 - 0x00007ff90dd12000 	C:\Windows\SYSTEM32\WINMM.dll
0x00007ff90ec30000 - 0x00007ff90ec3a000 	C:\Windows\SYSTEM32\VERSION.dll
0x00007ff912d20000 - 0x00007ff912d27000 	C:\Windows\system32\PSAPI.DLL
0x00007ff9125b0000 - 0x00007ff91260b000 	C:\Windows\SYSTEM32\sechost.dll
0x00007ff910750000 - 0x00007ff910886000 	C:\Windows\system32\RPCRT4.dll
0x00007ff9123f0000 - 0x00007ff91244a000 	C:\Windows\system32\WS2_32.dll
0x00007ff90daa0000 - 0x00007ff90daca000 	C:\Windows\SYSTEM32\WINMMBASE.dll
0x00007ff910240000 - 0x00007ff91026e000 	C:\Windows\system32\SspiCli.dll
0x00007ff910af0000 - 0x00007ff910af9000 	C:\Windows\system32\NSI.dll
0x00007ff910580000 - 0x00007ff9105cf000 	C:\Windows\SYSTEM32\cfgmgr32.dll
0x00007ff90efb0000 - 0x00007ff90efd8000 	C:\Windows\SYSTEM32\DEVOBJ.dll
0x00007ff8d75a0000 - 0x00007ff8d75b1000 	G:\Android\Android Studio\jre\bin\verify.dll
0x00007ff8fde20000 - 0x00007ff8fdfa9000 	C:\Windows\SYSTEM32\DBGHELP.DLL
0x00007ff8c1c80000 - 0x00007ff8c1ca9000 	G:\Android\Android Studio\jre\bin\java.dll
0x00007ff90d850000 - 0x00007ff90d85b000 	G:\Android\Android Studio\jre\bin\jimage.dll
0x00007ff8c1c60000 - 0x00007ff8c1c78000 	G:\Android\Android Studio\jre\bin\zip.dll
0x00007ff910ec0000 - 0x00007ff9123eb000 	C:\Windows\system32\SHELL32.dll
0x00007ff912890000 - 0x00007ff912aa2000 	C:\Windows\SYSTEM32\combase.dll
0x00007ff910e60000 - 0x00007ff910eb4000 	C:\Windows\system32\SHLWAPI.dll
0x00007ff90ed10000 - 0x00007ff90edc2000 	C:\Windows\SYSTEM32\SHCORE.dll
0x00007ff910170000 - 0x00007ff910185000 	C:\Windows\SYSTEM32\profapi.dll
0x00007ff8c1ab0000 - 0x00007ff8c1aca000 	G:\Android\Android Studio\jre\bin\net.dll
0x00007ff904c90000 - 0x00007ff904d59000 	C:\Windows\SYSTEM32\WINHTTP.dll
0x00007ff90fa80000 - 0x00007ff90fad9000 	C:\Windows\system32\mswsock.dll
0x00007ff8c1a90000 - 0x00007ff8c1aa4000 	G:\Android\Android Studio\jre\bin\nio.dll

dbghelp: loaded successfully - version: 4.0.5 - missing functions: none
symbol engine: initialized successfully - sym options: 0x614 - pdb path: .;G:\Android\Android Studio\jre\bin;C:\Windows\SYSTEM32;C:\Windows\WinSxS\amd64_microsoft.windows.common-controls_6595b64144ccf1df_6.0.9600.19394_none_62486577ecb635cf;G:\Android\Android Studio\jre\bin\server

VM Arguments:
java_command: org.jetbrains.kotlin.cli.jvm.K2JVMCompiler @G:\Android\AndroidStudioProjects\Kotlin\NASAPictureOfTheDay\app\build\20220216_2014173720769665870.compiler.options
java_class_path (initial): C:\Users\Botsman\.gradle\caches\modules-2\files-2.1\org.jetbrains.kotlin\kotlin-compiler-embeddable\1.6.10\88f2073f4020cdb83132cfe940ceb9a60aba54ea\kotlin-compiler-embeddable-1.6.10.jar;C:\Users\Botsman\.gradle\caches\modules-2\files-2.1\org.jetbrains.kotlin\kotlin-reflect\1.6.10\1cbe9c92c12a94eea200d23c2bbaedaf3daf5132\kotlin-reflect-1.6.10.jar;C:\Users\Botsman\.gradle\caches\modules-2\files-2.1\org.jetbrains.kotlin\kotlin-stdlib\1.6.10\b8af3fe6f1ca88526914929add63cf5e7c5049af\kotlin-stdlib-1.6.10.jar;C:\Users\Botsman\.gradle\caches\modules-2\files-2.1\org.jetbrains.kotlin\kotlin-script-runtime\1.6.10\d0a7ff2e2500ef497ed0214ae40ad3c8387a6164\kotlin-script-runtime-1.6.10.jar;C:\Users\Botsman\.gradle\caches\modules-2\files-2.1\org.jetbrains.kotlin\kotlin-daemon-embeddable\1.6.10\a56d79bcbea411fa6058e4ecffc2de73e742bd2a\kotlin-daemon-embeddable-1.6.10.jar;C:\Users\Botsman\.gradle\caches\modules-2\files-2.1\org.jetbrains.intellij.deps\trove4j\1.0.20181211\216c2e14b070f334479d800987affe4054cd563f\trove4j-1.0.20181211.jar;C:\Users\Botsman\.gradle\caches\modules-2\files-2.1\net.java.dev.jna\jna\5.6.0\330f2244e9030119ab3030fc3fededc86713d9cc\jna-5.6.0.jar;C:\Users\Botsman\.gradle\caches\modules-2\files-2.1\org.jetbrains\annotations\13.0\919f0dfe192fb4e063e7dacadee7f8bb9a2672a9\annotations-13.0.jar;C:\Users\Botsman\.gradle\caches\modules-2\files-2.1\org.jetbrains.kotlin\kotlin-stdlib-common\1.6.10\c118700e3a33c8a0d9adc920e9dec0831171925\kotlin-stdlib-common-1.6.10.jar
Launcher Type: SUN_STANDARD

[Global flags]
     intx CICompilerCount                          = 4                                         {product} {ergonomic}
     uint ConcGCThreads                            = 2                                         {product} {ergonomic}
     uint G1ConcRefinementThreads                  = 8                                         {product} {ergonomic}
   size_t G1HeapRegionSize                         = 2097152                                   {product} {ergonomic}
    uintx GCDrainStackTargetSize                   = 64                                        {product} {ergonomic}
   size_t InitialHeapSize                          = 536870912                                 {product} {ergonomic}
   size_t MarkStackSize                            = 4194304                                   {product} {ergonomic}
   size_t MaxHeapSize                              = 8577351680                                {product} {ergonomic}
   size_t MaxNewSize                               = 5146411008                                {product} {ergonomic}
   size_t MinHeapDeltaBytes                        = 2097152                                   {product} {ergonomic}
    uintx NonNMethodCodeHeapSize                   = 5836300                                {pd product} {ergonomic}
    uintx NonProfiledCodeHeapSize                  = 122910970                              {pd product} {ergonomic}
    uintx ProfiledCodeHeapSize                     = 122910970                              {pd product} {ergonomic}
    uintx ReservedCodeCacheSize                    = 251658240                              {pd product} {ergonomic}
     bool SegmentedCodeCache                       = true                                      {product} {ergonomic}
     bool UseCompressedClassPointers               = true                                 {lp64_product} {ergonomic}
     bool UseCompressedOops                        = true                                 {lp64_product} {ergonomic}
     bool UseG1GC                                  = true                                      {product} {ergonomic}
     bool UseLargePagesIndividualAllocation        = false                                  {pd product} {ergonomic}

Logging:
Log output configuration:
 #0: stdout all=warning uptime,level,tags
 #1: stderr all=off uptime,level,tags

Environment Variables:
JAVA_HOME=C:\Program Files\Java\jdk1.8.0_321\bin\
PATH=C:\Windows\system32;C:\Windows;C:\Windows\System32\Wbem;C:\Windows\System32\WindowsPowerShell\v1.0\;C:\Program Files (x86)\NVIDIA Corporation\PhysX\Common;C:\Program Files\NVIDIA Corporation\NVIDIA NvDLISR;C:\Program Files\ASUS\Bluetooth Software\;C:\Program Files\ASUS\Bluetooth Software\syswow64;C:\Program Files\Git\cmd
USERNAME=Botsman
OS=Windows_NT
PROCESSOR_IDENTIFIER=AMD64 Family 21 Model 2 Stepping 0, AuthenticAMD



---------------  S Y S T E M  ---------------

OS: Windows 8.1 , 64 bit Build 9600 (6.3.9600.20237)
OS uptime: 0 days 8:21 hours

CPU:total 8 (initial active 8) (8 cores per cpu, 1 threads per core) family 21 model 2 stepping 0 microcode 0x600081c, cmov, cx8, fxsr, mmx, sse, sse2, sse3, ssse3, sse4.1, sse4.2, popcnt, avx, aes, clmul, mmxext, 3dnowpref, lzcnt, sse4a, tsc, tscinvbit, tscinv, bmi1, fma

Memory: 4k page, system-wide physical 32713M (5579M free)
TotalPageFile size 34761M (AvailPageFile size 103M)
current process WorkingSet (physical memory assigned to process): 542M, peak: 542M
current process commit charge ("private bytes"): 781M, peak: 1023M

vm_info: OpenJDK 64-Bit Server VM (11.0.11+9-b60-7590822) for windows-amd64 JRE (11.0.11+9-b60-7590822), built on Jul 29 2021 21:43:44 by "builder" with MS VC++ 14.0 (VS2015)

END.
